<?xml version="1.0" encoding="UTF-8"?>
<testng-results ignored="0" total="3" passed="2" failed="1" skipped="0">
  <reporter-output>
  </reporter-output>
  <suite started-at="2023-03-15T21:56:28 IST" name="Google" finished-at="2023-03-15T21:56:37 IST" duration-ms="8793">
    <groups>
    </groups>
    <test started-at="2023-03-15T21:56:28 IST" name="Chrome" finished-at="2023-03-15T21:56:37 IST" duration-ms="8793">
      <class name="Hero_Connect_Page_Test.Google_page_Test">
        <test-method is-config="true" signature="launchURL(java.lang.String,java.lang.String)[pri:0, instance:Hero_Connect_Page_Test.Google_page_Test@1caa0244]" started-at="2023-03-15T21:56:28 IST" name="launchURL" finished-at="2023-03-15T21:56:33 IST" duration-ms="4945" status="PASS">
          <params>
            <param index="0">
              <value>
                <![CDATA[google]]>
              </value>
            </param>
            <param index="1">
              <value>
                <![CDATA[chrome]]>
              </value>
            </param>
          </params>
          <reporter-output>
          </reporter-output>
        </test-method> <!-- launchURL -->
        <test-method signature="get_Title()[pri:0, instance:Hero_Connect_Page_Test.Google_page_Test@1caa0244]" started-at="2023-03-15T21:56:33 IST" name="get_Title" finished-at="2023-03-15T21:56:33 IST" duration-ms="38" status="PASS">
          <reporter-output>
          </reporter-output>
        </test-method> <!-- get_Title -->
        <test-method signature="search_hero_connect()[pri:1, instance:Hero_Connect_Page_Test.Google_page_Test@1caa0244]" started-at="2023-03-15T21:56:33 IST" name="search_hero_connect" finished-at="2023-03-15T21:56:33 IST" duration-ms="240" status="PASS">
          <reporter-output>
          </reporter-output>
        </test-method> <!-- search_hero_connect -->
        <test-method signature="click_on_Hero_connect()[pri:2, instance:Hero_Connect_Page_Test.Google_page_Test@1caa0244]" started-at="2023-03-15T21:56:33 IST" name="click_on_Hero_connect" finished-at="2023-03-15T21:56:36 IST" duration-ms="3083" status="FAIL">
          <exception class="java.lang.AssertionError">
            <message>
              <![CDATA[expected [true] but found [false]]]>
            </message>
            <full-stacktrace>
              <![CDATA[java.lang.AssertionError: expected [true] but found [false]
at org.testng.Assert.fail(Assert.java:99)
at org.testng.Assert.failNotEquals(Assert.java:1037)
at org.testng.Assert.assertTrue(Assert.java:45)
at org.testng.Assert.assertTrue(Assert.java:55)
at Page_Classes.Google_page.click_on_Hero_connect(Google_page.java:34)
at Hero_Connect_Page_Test.Google_page_Test.click_on_Hero_connect(Google_page_Test.java:35)
at java.base/jdk.internal.reflect.NativeMethodAccessorImpl.invoke0(Native Method)
at java.base/jdk.internal.reflect.NativeMethodAccessorImpl.invoke(NativeMethodAccessorImpl.java:77)
at java.base/jdk.internal.reflect.DelegatingMethodAccessorImpl.invoke(DelegatingMethodAccessorImpl.java:43)
at java.base/java.lang.reflect.Method.invoke(Method.java:568)
at org.testng.internal.MethodInvocationHelper.invokeMethod(MethodInvocationHelper.java:133)
at org.testng.internal.TestInvoker.invokeMethod(TestInvoker.java:598)
at org.testng.internal.TestInvoker.invokeTestMethod(TestInvoker.java:173)
at org.testng.internal.MethodRunner.runInSequence(MethodRunner.java:46)
at org.testng.internal.TestInvoker$MethodInvocationAgent.invoke(TestInvoker.java:824)
at org.testng.internal.TestInvoker.invokeTestMethods(TestInvoker.java:146)
at org.testng.internal.TestMethodWorker.invokeTestMethods(TestMethodWorker.java:146)
at org.testng.internal.TestMethodWorker.run(TestMethodWorker.java:128)
at java.base/java.util.ArrayList.forEach(ArrayList.java:1511)
at org.testng.TestRunner.privateRun(TestRunner.java:794)
at org.testng.TestRunner.run(TestRunner.java:596)
at org.testng.SuiteRunner.runTest(SuiteRunner.java:377)
at org.testng.SuiteRunner.runSequentially(SuiteRunner.java:371)
at org.testng.SuiteRunner.privateRun(SuiteRunner.java:332)
at org.testng.SuiteRunner.run(SuiteRunner.java:276)
at org.testng.SuiteRunnerWorker.runSuite(SuiteRunnerWorker.java:53)
at org.testng.SuiteRunnerWorker.run(SuiteRunnerWorker.java:96)
at org.testng.TestNG.runSuitesSequentially(TestNG.java:1212)
at org.testng.TestNG.runSuitesLocally(TestNG.java:1134)
at org.testng.TestNG.runSuites(TestNG.java:1063)
at org.testng.TestNG.run(TestNG.java:1031)
at org.testng.remote.AbstractRemoteTestNG.run(AbstractRemoteTestNG.java:115)
at org.testng.remote.RemoteTestNG.initAndRun(RemoteTestNG.java:251)
at org.testng.remote.RemoteTestNG.main(RemoteTestNG.java:77)
]]>
            </full-stacktrace>
          </exception> <!-- java.lang.AssertionError -->
          <reporter-output>
          </reporter-output>
        </test-method> <!-- click_on_Hero_connect -->
        <test-method is-config="true" signature="closewindow()[pri:0, instance:Hero_Connect_Page_Test.Google_page_Test@1caa0244]" started-at="2023-03-15T21:56:36 IST" name="closewindow" finished-at="2023-03-15T21:56:37 IST" duration-ms="213" status="PASS">
          <reporter-output>
          </reporter-output>
        </test-method> <!-- closewindow -->
      </class> <!-- Hero_Connect_Page_Test.Google_page_Test -->
    </test> <!-- Chrome -->
  </suite> <!-- Google -->
</testng-results>
